<?xml version="1.0" encoding="UTF-8"?>
<!-- Generated by org.testng.reporters.JUnitReportReporter -->
<testsuite hostname="DESKTOP-GGQ6OF8" failures="0" tests="1" name="com.Flipkart.TestLayer.TableHandling" time="24.151" errors="0" timestamp="2024-12-15T22:59:17 IST" skipped="0">
  <testcase classname="com.Flipkart.TestLayer.TableHandling" name="validatetextbox" time="24.151"/>
</testsuite> <!-- com.Flipkart.TestLayer.TableHandling -->
