<?xml version="1.0" encoding="UTF-8"?>
<!-- Generated by org.testng.reporters.JUnitReportReporter -->
<testsuite hostname="DESKTOP-GGQ6OF8" failures="0" tests="1" name="com.Flipkart.TestLayer.LoginTest" time="98.323" errors="0" timestamp="2024-12-15T14:37:43 IST" skipped="0">
  <testcase classname="com.Flipkart.TestLayer.LoginTest" name="validatelogintest" time="98.323"/>
</testsuite> <!-- com.Flipkart.TestLayer.LoginTest -->
