<?xml version="1.0" encoding="UTF-8"?>
<!-- Generated by org.testng.reporters.JUnitReportReporter -->
<testsuite hostname="DESKTOP-GGQ6OF8" failures="0" tests="1" name="com.Flipkart.TestLayer.BikeTest" time="23.460" errors="0" timestamp="2024-12-15T22:20:14 IST" skipped="0">
  <testcase classname="com.Flipkart.TestLayer.BikeTest" name="validatebikefunctionality" time="23.460"/>
</testsuite> <!-- com.Flipkart.TestLayer.BikeTest -->
